#
# There is insufficient memory for the Java Runtime Environment to continue.
# Native memory allocation (mmap) failed to map 132120576 bytes for G1 virtual space
# Possible reasons:
#   The system is out of physical RAM or swap space
#   The process is running with CompressedOops enabled, and the Java Heap may be blocking the growth of the native heap
# Possible solutions:
#   Reduce memory load on the system
#   Increase physical memory or swap space
#   Check if swap backing store is full
#   Decrease Java heap size (-Xmx/-Xms)
#   Decrease number of Java threads
#   Decrease Java thread stack sizes (-Xss)
#   Set larger code cache with -XX:ReservedCodeCacheSize=
#   JVM is running with Unscaled Compressed Oops mode in which the Java heap is
#     placed in the first 4GB address space. The Java Heap base address is the
#     maximum limit for the native heap growth. Please use -XX:HeapBaseMinAddress
#     to set the Java Heap base and to place the Java Heap above 4GB virtual address.
# This output file may be truncated or incomplete.
#
#  Out of Memory Error (os_windows.cpp:3469), pid=10664, tid=10004
#
# JRE version:  (17.0+35) (build )
# Java VM: Java HotSpot(TM) 64-Bit Server VM (17+35-LTS-2724, mixed mode, sharing, tiered, compressed oops, compressed class ptrs, g1 gc, windows-amd64)
# No core dump will be written. Minidumps are not enabled by default on client versions of Windows
#

---------------  S U M M A R Y ------------

Command Line: -Dfile.encoding=Cp1252 -XX:+ShowCodeDetailsInExceptionMessages br.com.alura.jdbc.testes.TestaCategoriaDAO

Host: Intel(R) Core(TM) i7-10510U CPU @ 1.80GHz, 8 cores, 7G,  Windows 10 , 64 bit Build 19041 (10.0.19041.1023)
Time: Wed Nov 24 00:11:59 2021 Hora oficial do Brasil elapsed time: 0.095130 seconds (0d 0h 0m 0s)

---------------  T H R E A D  ---------------

Current thread (0x0000018f5e01b980):  JavaThread "Unknown thread" [_thread_in_vm, id=10004, stack(0x0000004979100000,0x0000004979200000)]

Stack: [0x0000004979100000,0x0000004979200000]
Native frames: (J=compiled Java code, j=interpreted, Vv=VM code, C=native code)
V  [jvm.dll+0x66f8ea]
V  [jvm.dll+0x7ce224]
V  [jvm.dll+0x7cf9ce]
V  [jvm.dll+0x7d0033]
V  [jvm.dll+0x242bb5]
V  [jvm.dll+0x66c909]
V  [jvm.dll+0x6613d2]
V  [jvm.dll+0x30082b]
V  [jvm.dll+0x307db6]
V  [jvm.dll+0x357a0e]
V  [jvm.dll+0x357c3f]
V  [jvm.dll+0x2d7ae8]
V  [jvm.dll+0x2d8a54]
V  [jvm.dll+0x7a00a1]
V  [jvm.dll+0x365781]
V  [jvm.dll+0x77f59c]
V  [jvm.dll+0x3e805f]
V  [jvm.dll+0x3e9b01]
C  [jli.dll+0x527b]
C  [ucrtbase.dll+0x21bb2]
C  [KERNEL32.DLL+0x17034]
C  [ntdll.dll+0x52651]


---------------  P R O C E S S  ---------------

Threads class SMR info:
_java_thread_list=0x00007fff32287818, length=0, elements={
}

Java Threads: ( => current thread )

Other Threads:
  0x0000018f5e05a5b0 GCTaskThread "GC Thread#0" [stack: 0x0000004979200000,0x0000004979300000] [id=10832]
  0x0000018f5e06bcd0 ConcurrentGCThread "G1 Main Marker" [stack: 0x0000004979300000,0x0000004979400000] [id=12124]
  0x0000018f5e06c5f0 ConcurrentGCThread "G1 Conc#0" [stack: 0x0000004979400000,0x0000004979500000] [id=10880]

[error occurred during error reporting (printing all threads), id 0xc0000005, EXCEPTION_ACCESS_VIOLATION (0xc0000005) at pc=0x00007fff31ad84c7]

VM state: not at safepoint (not fully initialized)

VM Mutex/Monitor currently owned by a thread:  ([mutex/lock_event])
[0x0000018f5e016ba0] Heap_lock - owner thread: 0x0000018f5e01b980

Heap address: 0x0000000083a00000, size: 1990 MB, Compressed Oops mode: 32-bit

CDS archive(s) mapped at: [0x0000000000000000-0x0000000000000000-0x0000000000000000), size 0, SharedBaseAddress: 0x0000000800000000, ArchiveRelocationMode: 0.
Narrow klass base: 0x0000000000000000, Narrow klass shift: 0, Narrow klass range: 0x0

GC Precious Log:
<Empty>

Heap:
 garbage-first heap   total 0K, used 0K [0x0000000083a00000, 0x0000000100000000)
  region size 1024K, 0 young (0K), 0 survivors (0K)

[error occurred during error reporting (printing heap information), id 0xc0000005, EXCEPTION_ACCESS_VIOLATION (0xc0000005) at pc=0x00007fff31eb8c59]

GC Heap History (0 events):
No events

Deoptimization events (0 events):
No events

Classes unloaded (0 events):
No events

Classes redefined (0 events):
No events

Internal exceptions (0 events):
No events

VM Operations (0 events):
No events

Events (1 events):
Event: 0.022 Loaded shared library C:\Program Files\Java\jdk-17\bin\java.dll


Dynamic libraries:
0x00007ff62ac10000 - 0x00007ff62ac20000 	C:\Program Files\Java\jdk-17\bin\javaw.exe
0x00007fff7fbb0000 - 0x00007fff7fda5000 	C:\Windows\SYSTEM32\ntdll.dll
0x00007fff7e370000 - 0x00007fff7e42d000 	C:\Windows\System32\KERNEL32.DLL
0x00007fff7d5e0000 - 0x00007fff7d8a8000 	C:\Windows\System32\KERNELBASE.dll
0x00007fff77260000 - 0x00007fff772f0000 	C:\Windows\SYSTEM32\apphelp.dll
0x00007fff7d450000 - 0x00007fff7d550000 	C:\Windows\System32\ucrtbase.dll
0x00007fff71f80000 - 0x00007fff71f9a000 	C:\Program Files\Java\jdk-17\bin\VCRUNTIME140.dll
0x00007fff6a0b0000 - 0x00007fff6a0c8000 	C:\Program Files\Java\jdk-17\bin\jli.dll
0x00007fff7ed60000 - 0x00007fff7ee0c000 	C:\Windows\System32\ADVAPI32.dll
0x00007fff7f450000 - 0x00007fff7f4ee000 	C:\Windows\System32\msvcrt.dll
0x00007fff7eaf0000 - 0x00007fff7eb8b000 	C:\Windows\System32\sechost.dll
0x00007fff7e460000 - 0x00007fff7e58b000 	C:\Windows\System32\RPCRT4.dll
0x00007fff7eb90000 - 0x00007fff7ed30000 	C:\Windows\System32\USER32.dll
0x00007fff7d550000 - 0x00007fff7d572000 	C:\Windows\System32\win32u.dll
0x00007fff7ed30000 - 0x00007fff7ed5a000 	C:\Windows\System32\GDI32.dll
0x00007fff55040000 - 0x00007fff552da000 	C:\Windows\WinSxS\amd64_microsoft.windows.common-controls_6595b64144ccf1df_6.0.19041.1052_none_60b8f8fd71f5e8cb\COMCTL32.dll
0x00007fff7d2f0000 - 0x00007fff7d3fb000 	C:\Windows\System32\gdi32full.dll
0x00007fff7d8b0000 - 0x00007fff7d94d000 	C:\Windows\System32\msvcp_win.dll
0x00007fff72d70000 - 0x00007fff72d7a000 	C:\Windows\SYSTEM32\VERSION.dll
0x00007fff7e430000 - 0x00007fff7e460000 	C:\Windows\System32\IMM32.DLL
0x00007fff76100000 - 0x00007fff7610c000 	C:\Program Files\Java\jdk-17\bin\vcruntime140_1.dll
0x00007fff69660000 - 0x00007fff696ed000 	C:\Program Files\Java\jdk-17\bin\msvcp140.dll
0x00007fff317f0000 - 0x00007fff323ae000 	C:\Program Files\Java\jdk-17\bin\server\jvm.dll
0x00007fff7e750000 - 0x00007fff7e758000 	C:\Windows\System32\PSAPI.DLL
0x00007fff76130000 - 0x00007fff76139000 	C:\Windows\SYSTEM32\WSOCK32.dll
0x00007fff7ee10000 - 0x00007fff7ee7b000 	C:\Windows\System32\WS2_32.dll
0x00007fff5a3b0000 - 0x00007fff5a3d7000 	C:\Windows\SYSTEM32\WINMM.dll
0x00007fff7b400000 - 0x00007fff7b412000 	C:\Windows\SYSTEM32\kernel.appcore.dll
0x00007fff754e0000 - 0x00007fff754ea000 	C:\Program Files\Java\jdk-17\bin\jimage.dll
0x00007fff77cb0000 - 0x00007fff77e94000 	C:\Windows\SYSTEM32\DBGHELP.DLL
0x00007fff5a140000 - 0x00007fff5a16c000 	C:\Windows\SYSTEM32\dbgcore.DLL
0x00007fff7d950000 - 0x00007fff7d9d3000 	C:\Windows\System32\bcryptPrimitives.dll
0x00007fff69ac0000 - 0x00007fff69ae5000 	C:\Program Files\Java\jdk-17\bin\java.dll

dbghelp: loaded successfully - version: 4.0.5 - missing functions: none
symbol engine: initialized successfully - sym options: 0x614 - pdb path: .;C:\Program Files\Java\jdk-17\bin;C:\Windows\SYSTEM32;C:\Windows\WinSxS\amd64_microsoft.windows.common-controls_6595b64144ccf1df_6.0.19041.1052_none_60b8f8fd71f5e8cb;C:\Program Files\Java\jdk-17\bin\server

VM Arguments:
jvm_args: -Dfile.encoding=Cp1252 -XX:+ShowCodeDetailsInExceptionMessages 
java_command: br.com.alura.jdbc.testes.TestaCategoriaDAO
java_class_path (initial): C:\Users\lucas\STS4_Workspace\curso-jdbc-alura\target\classes;C:\Users\lucas\.m2\repository\mysql\mysql-connector-java\8.0.27\mysql-connector-java-8.0.27.jar;C:\Users\lucas\.m2\repository\com\google\protobuf\protobuf-java\3.11.4\protobuf-java-3.11.4.jar;C:\Users\lucas\.m2\repository\c3p0\c3p0\0.9.1.2\c3p0-0.9.1.2.jar;C:\Users\lucas\.m2\repository\com\mchange\mchange-commons-java\0.2.20\mchange-commons-java-0.2.20.jar
Launcher Type: SUN_STANDARD

[Global flags]
     intx CICompilerCount                          = 4                                         {product} {ergonomic}
     uint ConcGCThreads                            = 2                                         {product} {ergonomic}
     uint G1ConcRefinementThreads                  = 8                                         {product} {ergonomic}
   size_t G1HeapRegionSize                         = 1048576                                   {product} {ergonomic}
    uintx GCDrainStackTargetSize                   = 64                                        {product} {ergonomic}
   size_t InitialHeapSize                          = 132120576                                 {product} {ergonomic}
   size_t MarkStackSize                            = 4194304                                   {product} {ergonomic}
   size_t MaxHeapSize                              = 2086666240                                {product} {ergonomic}
   size_t MinHeapDeltaBytes                        = 1048576                                   {product} {ergonomic}
   size_t MinHeapSize                              = 8388608                                   {product} {ergonomic}
    uintx NonNMethodCodeHeapSize                   = 5839372                                {pd product} {ergonomic}
    uintx NonProfiledCodeHeapSize                  = 122909434                              {pd product} {ergonomic}
    uintx ProfiledCodeHeapSize                     = 122909434                              {pd product} {ergonomic}
    uintx ReservedCodeCacheSize                    = 251658240                              {pd product} {ergonomic}
     bool SegmentedCodeCache                       = true                                      {product} {ergonomic}
     bool ShowCodeDetailsInExceptionMessages       = true                                   {manageable} {command line}
   size_t SoftMaxHeapSize                          = 2086666240                             {manageable} {ergonomic}
     bool UseCompressedClassPointers               = true                           {product lp64_product} {ergonomic}
     bool UseCompressedOops                        = true                           {product lp64_product} {ergonomic}
     bool UseG1GC                                  = true                                      {product} {ergonomic}
     bool UseLargePagesIndividualAllocation        = false                                  {pd product} {ergonomic}

Logging:
Log output configuration:
 #0: stdout all=warning uptime,level,tags
 #1: stderr all=off uptime,level,tags

Environment Variables:
PATH=C:/Eclipse/sts-4.12.1.RELEASE//plugins/org.eclipse.justj.openjdk.hotspot.jre.full.win32.x86_64_17.0.0.v20211012-1059/jre/bin/server;C:/Eclipse/sts-4.12.1.RELEASE//plugins/org.eclipse.justj.openjdk.hotspot.jre.full.win32.x86_64_17.0.0.v20211012-1059/jre/bin;C:\Program Files\Common Files\Oracle\Java\javapath;C:\Windows\system32;C:\Windows;C:\Windows\System32\Wbem;C:\Windows\System32\WindowsPowerShell\v1.0\;C:\Windows\System32\OpenSSH\;C:\Program Files\Calibre2\;C:\Users\lucas\AppData\Local\Microsoft\WindowsApps;C:\Users\lucas\AppData\Local\GitHubDesktop\bin;C:\Eclipse\sts-4.12.1.RELEASE;
USERNAME=lucas
OS=Windows_NT
PROCESSOR_IDENTIFIER=Intel64 Family 6 Model 142 Stepping 12, GenuineIntel



---------------  S Y S T E M  ---------------

OS:
 Windows 10 , 64 bit Build 19041 (10.0.19041.1023)
OS uptime: 0 days 1:22 hours

CPU: total 8 (initial active 8) (4 cores per cpu, 2 threads per core) family 6 model 142 stepping 12 microcode 0xde, cx8, cmov, fxsr, ht, mmx, 3dnowpref, sse, sse2, sse3, ssse3, sse4.1, sse4.2, popcnt, lzcnt, tsc, tscinvbit, avx, avx2, aes, erms, clmul, bmi1, bmi2, adx, fma, vzeroupper, clflush, clflushopt

Memory: 4k page, system-wide physical 7952M (1220M free)
TotalPageFile size 7952M (AvailPageFile size 47M)
current process WorkingSet (physical memory assigned to process): 10M, peak: 10M
current process commit charge ("private bytes"): 60M, peak: 186M

vm_info: Java HotSpot(TM) 64-Bit Server VM (17+35-LTS-2724) for windows-amd64 JRE (17+35-LTS-2724), built on Aug  5 2021 23:28:28 by "mach5one" with MS VC++ 16.8 (VS2019)

END.
